2020:09:23 12:06:19.776 INFO  --- [restartedMain] sb.mvc.base.BaseApplication : Starting BaseApplication on DESKTOP-MPD8FG6 with PID 5284 (C:\ws\workspace\basekor\target\classes started by bjylj in C:\ws\workspace\basekor) 
2020:09:23 12:06:19.776 DEBUG --- [restartedMain] sb.mvc.base.BaseApplication : Running with Spring Boot v2.1.5.RELEASE, Spring v5.1.7.RELEASE 
2020:09:23 12:06:19.776 INFO  --- [restartedMain] sb.mvc.base.BaseApplication : The following profiles are active: loc,mysql 
2020:09:23 12:06:19.817 INFO  --- [restartedMain] o.s.b.d.e.DevToolsPropertyDefaultsPostProcessor : Devtools property defaults active! Set 'spring.devtools.add-properties' to 'false' to disable 
2020:09:23 12:06:19.817 INFO  --- [restartedMain] o.s.b.d.e.DevToolsPropertyDefaultsPostProcessor : For additional web related logging consider setting the 'logging.level.web' property to 'DEBUG' 
2020:09:23 12:06:20.497 DEBUG --- [restartedMain] o.m.s.b.a.MybatisAutoConfiguration : Searching for mappers annotated with @Mapper 
2020:09:23 12:06:20.497 DEBUG --- [restartedMain] o.m.s.b.a.MybatisAutoConfiguration : Using auto-configuration base package 'sb.mvc.base' 
2020:09:23 12:06:20.497 DEBUG --- [restartedMain] o.apache.ibatis.logging.LogFactory : Logging initialized using 'class org.apache.ibatis.logging.slf4j.Slf4jImpl' adapter. 
2020:09:23 12:06:20.513 WARN  --- [restartedMain] o.m.s.mapper.ClassPathMapperScanner : No MyBatis mapper was found in '[sb.mvc.base]' package. Please check your configuration. 
2020:09:23 12:06:20.544 INFO  --- [restartedMain] o.s.d.r.c.RepositoryConfigurationDelegate : Bootstrapping Spring Data repositories in DEFAULT mode. 
2020:09:23 12:06:20.576 INFO  --- [restartedMain] o.s.d.r.c.RepositoryConfigurationDelegate : Finished Spring Data repository scanning in 16ms. Found 0 repository interfaces. 
2020:09:23 12:06:20.844 INFO  --- [restartedMain] o.s.c.s.PostProcessorRegistrationDelegate$BeanPostProcessorChecker : Bean 'org.springframework.transaction.annotation.ProxyTransactionManagementConfiguration' of type [org.springframework.transaction.annotation.ProxyTransactionManagementConfiguration$$EnhancerBySpringCGLIB$$cc1eb49] is not eligible for getting processed by all BeanPostProcessors (for example: not eligible for auto-proxying) 
2020:09:23 12:06:21.109 INFO  --- [restartedMain] o.s.b.w.e.tomcat.TomcatWebServer : Tomcat initialized with port(s): 80 (http) 
2020:09:23 12:06:21.124 INFO  --- [restartedMain] o.a.coyote.http11.Http11NioProtocol : Initializing ProtocolHandler ["http-nio-80"] 
2020:09:23 12:06:21.124 INFO  --- [restartedMain] o.a.catalina.core.StandardService : Starting service [Tomcat] 
2020:09:23 12:06:21.124 INFO  --- [restartedMain] o.a.catalina.core.StandardEngine : Starting Servlet engine: [Apache Tomcat/9.0.19] 
2020:09:23 12:06:21.314 INFO  --- [restartedMain] o.apache.jasper.servlet.TldScanner : At least one JAR was scanned for TLDs yet contained no TLDs. Enable debug logging for this logger for a complete list of JARs that were scanned but no TLDs were found in them. Skipping unneeded JARs during scanning can improve startup time and JSP compilation time. 
2020:09:23 12:06:21.314 INFO  --- [restartedMain] o.a.c.c.C.[Tomcat].[localhost].[/] : Initializing Spring embedded WebApplicationContext 
2020:09:23 12:06:21.314 INFO  --- [restartedMain] o.s.web.context.ContextLoader : Root WebApplicationContext: initialization completed in 1497 ms 
2020:09:23 12:06:21.453 INFO  --- [restartedMain] com.zaxxer.hikari.HikariDataSource : hikari-cp - Starting... 
2020:09:23 12:06:22.072 INFO  --- [restartedMain] com.zaxxer.hikari.HikariDataSource : hikari-cp - Start completed. 
2020:09:23 12:06:22.085 INFO  --- [restartedMain] s.m.base.config.LocSqlSessionConfig : datasource : HikariDataSource (hikari-cp) 
2020:09:23 12:06:22.195 INFO  --- [restartedMain] o.h.jpa.internal.util.LogHelper : HHH000204: Processing PersistenceUnitInfo [
	name: default
	...] 
2020:09:23 12:06:22.259 INFO  --- [restartedMain] org.hibernate.Version : HHH000412: Hibernate Core {5.3.10.Final} 
2020:09:23 12:06:22.259 INFO  --- [restartedMain] org.hibernate.cfg.Environment : HHH000206: hibernate.properties not found 
2020:09:23 12:06:22.384 INFO  --- [restartedMain] o.h.annotations.common.Version : HCANN000001: Hibernate Commons Annotations {5.0.4.Final} 
2020:09:23 12:06:22.542 INFO  --- [restartedMain] org.hibernate.dialect.Dialect : HHH000400: Using dialect: org.hibernate.dialect.MySQL5Dialect 
2020:09:23 12:06:22.684 INFO  --- [restartedMain] o.s.o.j.LocalContainerEntityManagerFactoryBean : Initialized JPA EntityManagerFactory for persistence unit 'default' 
2020:09:23 12:06:22.778 DEBUG --- [restartedMain] o.m.spring.SqlSessionFactoryBean : Parsed configuration file: 'class path resource [mybatis-mysql-config.xml]' 
2020:09:23 12:06:22.809 DEBUG --- [restartedMain] o.m.spring.SqlSessionFactoryBean : Parsed mapper file: 'file [C:\ws\workspace\basekor\target\classes\mapper\mysql\login\Login.xml]' 
2020:09:23 12:06:22.809 DEBUG --- [restartedMain] o.m.spring.SqlSessionFactoryBean : Parsed mapper file: 'file [C:\ws\workspace\basekor\target\classes\mapper\mysql\main\Main.xml]' 
2020:09:23 12:06:22.825 DEBUG --- [restartedMain] o.m.spring.SqlSessionFactoryBean : Parsed mapper file: 'file [C:\ws\workspace\basekor\target\classes\mapper\mysql\system\Athr.xml]' 
2020:09:23 12:06:22.825 DEBUG --- [restartedMain] o.m.spring.SqlSessionFactoryBean : Parsed mapper file: 'file [C:\ws\workspace\basekor\target\classes\mapper\mysql\system\Cd.xml]' 
2020:09:23 12:06:22.840 DEBUG --- [restartedMain] o.m.spring.SqlSessionFactoryBean : Parsed mapper file: 'file [C:\ws\workspace\basekor\target\classes\mapper\mysql\system\GrpCd.xml]' 
2020:09:23 12:06:22.840 DEBUG --- [restartedMain] o.m.spring.SqlSessionFactoryBean : Parsed mapper file: 'file [C:\ws\workspace\basekor\target\classes\mapper\mysql\system\Menu.xml]' 
2020:09:23 12:06:22.856 DEBUG --- [restartedMain] o.m.spring.SqlSessionFactoryBean : Parsed mapper file: 'file [C:\ws\workspace\basekor\target\classes\mapper\mysql\system\Mngr.xml]' 
2020:09:23 12:06:22.856 INFO  --- [restartedMain] o.s.aop.framework.CglibAopProxy : Unable to proxy interface-implementing method [public final void org.springframework.dao.support.DaoSupport.afterPropertiesSet() throws java.lang.IllegalArgumentException,org.springframework.beans.factory.BeanInitializationException] because it is marked as final: Consider using interface-based JDK proxies instead! 
2020:09:23 12:06:22.872 INFO  --- [restartedMain] o.s.aop.framework.CglibAopProxy : Unable to proxy interface-implementing method [public final void org.springframework.dao.support.DaoSupport.afterPropertiesSet() throws java.lang.IllegalArgumentException,org.springframework.beans.factory.BeanInitializationException] because it is marked as final: Consider using interface-based JDK proxies instead! 
2020:09:23 12:06:22.887 INFO  --- [restartedMain] o.s.aop.framework.CglibAopProxy : Unable to proxy interface-implementing method [public final void org.springframework.dao.support.DaoSupport.afterPropertiesSet() throws java.lang.IllegalArgumentException,org.springframework.beans.factory.BeanInitializationException] because it is marked as final: Consider using interface-based JDK proxies instead! 
2020:09:23 12:06:22.903 INFO  --- [restartedMain] o.s.aop.framework.CglibAopProxy : Unable to proxy interface-implementing method [public final void org.springframework.dao.support.DaoSupport.afterPropertiesSet() throws java.lang.IllegalArgumentException,org.springframework.beans.factory.BeanInitializationException] because it is marked as final: Consider using interface-based JDK proxies instead! 
2020:09:23 12:06:22.919 INFO  --- [restartedMain] o.s.aop.framework.CglibAopProxy : Unable to proxy interface-implementing method [public final void org.springframework.dao.support.DaoSupport.afterPropertiesSet() throws java.lang.IllegalArgumentException,org.springframework.beans.factory.BeanInitializationException] because it is marked as final: Consider using interface-based JDK proxies instead! 
2020:09:23 12:06:22.919 INFO  --- [restartedMain] o.s.aop.framework.CglibAopProxy : Unable to proxy interface-implementing method [public final void org.springframework.dao.support.DaoSupport.afterPropertiesSet() throws java.lang.IllegalArgumentException,org.springframework.beans.factory.BeanInitializationException] because it is marked as final: Consider using interface-based JDK proxies instead! 
2020:09:23 12:06:22.935 INFO  --- [restartedMain] o.s.aop.framework.CglibAopProxy : Unable to proxy interface-implementing method [public final void org.springframework.dao.support.DaoSupport.afterPropertiesSet() throws java.lang.IllegalArgumentException,org.springframework.beans.factory.BeanInitializationException] because it is marked as final: Consider using interface-based JDK proxies instead! 
2020:09:23 12:06:23.003 DEBUG --- [restartedMain] sb.mvc.base.core.util.MessageUtil : ###################################    Messges locale [ko_KR] 
2020:09:23 12:06:23.134 INFO  --- [restartedMain] o.s.s.w.DefaultSecurityFilterChain : Creating filter chain: Ant [pattern='/favicon.ico'], [] 
2020:09:23 12:06:23.134 INFO  --- [restartedMain] o.s.s.w.DefaultSecurityFilterChain : Creating filter chain: Ant [pattern='/resources/**'], [] 
2020:09:23 12:06:23.134 INFO  --- [restartedMain] o.s.s.w.DefaultSecurityFilterChain : Creating filter chain: Ant [pattern='/webjars/**'], [] 
2020:09:23 12:06:23.134 INFO  --- [restartedMain] o.s.s.w.DefaultSecurityFilterChain : Creating filter chain: Ant [pattern='/html/**'], [] 
2020:09:23 12:06:23.138 INFO  --- [restartedMain] o.s.s.w.DefaultSecurityFilterChain : Creating filter chain: Ant [pattern='/css/**'], [] 
2020:09:23 12:06:23.138 INFO  --- [restartedMain] o.s.s.w.DefaultSecurityFilterChain : Creating filter chain: Ant [pattern='/agent/**'], [] 
2020:09:23 12:06:23.138 INFO  --- [restartedMain] o.s.s.w.DefaultSecurityFilterChain : Creating filter chain: Ant [pattern='/js/**'], [] 
2020:09:23 12:06:23.138 INFO  --- [restartedMain] o.s.s.w.DefaultSecurityFilterChain : Creating filter chain: Ant [pattern='/image/**'], [] 
2020:09:23 12:06:23.138 INFO  --- [restartedMain] o.s.s.w.DefaultSecurityFilterChain : Creating filter chain: Ant [pattern='/error/**'], [] 
2020:09:23 12:06:23.138 INFO  --- [restartedMain] o.s.s.w.DefaultSecurityFilterChain : Creating filter chain: Ant [pattern='/system/cd/comboList/**'], [] 
2020:09:23 12:06:23.155 INFO  --- [restartedMain] o.s.s.w.DefaultSecurityFilterChain : Creating filter chain: any request, [org.springframework.security.web.context.request.async.WebAsyncManagerIntegrationFilter@1c0ab4b9, org.springframework.security.web.context.SecurityContextPersistenceFilter@16cd8d1a, org.springframework.security.web.header.HeaderWriterFilter@207db080, org.springframework.security.web.authentication.logout.LogoutFilter@344439b, org.springframework.security.web.authentication.UsernamePasswordAuthenticationFilter@2fbda066, org.springframework.security.web.savedrequest.RequestCacheAwareFilter@efea57c, org.springframework.security.web.servletapi.SecurityContextHolderAwareRequestFilter@3fcfa19c, org.springframework.security.web.authentication.AnonymousAuthenticationFilter@a15f7c1, org.springframework.security.web.session.SessionManagementFilter@7eb93928, org.springframework.security.web.access.ExceptionTranslationFilter@42503113, org.springframework.security.web.access.intercept.FilterSecurityInterceptor@6a51fe96] 
2020:09:23 12:06:23.329 INFO  --- [restartedMain] o.s.s.c.ThreadPoolTaskExecutor : Initializing ExecutorService 'applicationTaskExecutor' 
2020:09:23 12:06:23.361 WARN  --- [restartedMain] o.s.b.a.o.j.JpaBaseConfiguration$JpaWebConfiguration$JpaWebMvcConfiguration : spring.jpa.open-in-view is enabled by default. Therefore, database queries may be performed during view rendering. Explicitly configure spring.jpa.open-in-view to disable this warning 
2020:09:23 12:06:23.472 INFO  --- [restartedMain] o.s.b.a.w.s.WelcomePageHandlerMapping : Adding welcome page: class path resource [static/index.html] 
2020:09:23 12:06:23.472 DEBUG --- [restartedMain] o.m.s.b.a.MybatisAutoConfiguration : No org.mybatis.spring.mapper.MapperFactoryBean found. 
2020:09:23 12:06:23.645 INFO  --- [restartedMain] o.s.b.d.a.OptionalLiveReloadServer : LiveReload server is running on port 35729 
2020:09:23 12:06:23.676 INFO  --- [restartedMain] o.a.coyote.http11.Http11NioProtocol : Starting ProtocolHandler ["http-nio-80"] 
2020:09:23 12:06:23.692 INFO  --- [restartedMain] o.s.b.w.e.tomcat.TomcatWebServer : Tomcat started on port(s): 80 (http) with context path '' 
2020:09:23 12:06:23.692 INFO  --- [restartedMain] sb.mvc.base.BaseApplication : Started BaseApplication in 4.236 seconds (JVM running for 5.01) 
2020:09:23 12:06:23.692 INFO  --- [restartedMain] sb.mvc.base.ApplicationProperties : ### profileName : LOCAL 
2020:09:23 12:06:23.692 INFO  --- [restartedMain] sb.mvc.base.ApplicationProperties : ### profileDBType : MYSQL 
2020:09:23 12:06:47.735 INFO  --- [http-nio-80-exec-1] o.a.c.c.C.[Tomcat].[localhost].[/] : Initializing Spring DispatcherServlet 'dispatcherServlet' 
2020:09:23 12:06:47.736 INFO  --- [http-nio-80-exec-1] o.s.web.servlet.DispatcherServlet : Initializing Servlet 'dispatcherServlet' 
2020:09:23 12:06:47.745 INFO  --- [http-nio-80-exec-1] o.s.web.servlet.DispatcherServlet : Completed initialization in 8 ms 
2020:09:23 12:06:47.990 DEBUG --- [http-nio-80-exec-10] s.m.base.biz.login.LoginController : LoginController.view param [{20121228=}] 
2020:09:23 12:06:47.990 DEBUG --- [http-nio-80-exec-1] s.m.base.biz.login.LoginController : LoginController.view param [{}] 
2020:09:23 12:06:47.990 DEBUG --- [http-nio-80-exec-2] s.m.base.biz.login.LoginController : LoginController.view param [{20121228=}] 
2020:09:23 12:06:47.990 DEBUG --- [http-nio-80-exec-6] s.m.base.biz.login.LoginController : LoginController.view param [{141007=}] 
2020:09:23 12:06:47.990 DEBUG --- [http-nio-80-exec-10] s.m.base.biz.login.LoginController : =====> LoginController.view ajaxHeader [null] 
2020:09:23 12:06:47.990 DEBUG --- [http-nio-80-exec-2] s.m.base.biz.login.LoginController : =====> LoginController.view ajaxHeader [null] 
2020:09:23 12:06:47.990 DEBUG --- [http-nio-80-exec-1] s.m.base.biz.login.LoginController : =====> LoginController.view ajaxHeader [null] 
2020:09:23 12:06:47.990 DEBUG --- [http-nio-80-exec-8] s.m.base.biz.login.LoginController : LoginController.view param [{}] 
2020:09:23 12:06:47.990 DEBUG --- [http-nio-80-exec-9] s.m.base.biz.login.LoginController : LoginController.view param [{140317=}] 
2020:09:23 12:06:47.990 DEBUG --- [http-nio-80-exec-6] s.m.base.biz.login.LoginController : =====> LoginController.view ajaxHeader [null] 
2020:09:23 12:06:47.990 DEBUG --- [http-nio-80-exec-10] s.m.base.biz.login.LoginController : =====> LoginController.view isAjaxCall [false] 
2020:09:23 12:06:47.990 DEBUG --- [http-nio-80-exec-2] s.m.base.biz.login.LoginController : =====> LoginController.view isAjaxCall [false] 
2020:09:23 12:06:47.990 DEBUG --- [http-nio-80-exec-6] s.m.base.biz.login.LoginController : =====> LoginController.view isAjaxCall [false] 
2020:09:23 12:06:47.990 DEBUG --- [http-nio-80-exec-8] s.m.base.biz.login.LoginController : =====> LoginController.view ajaxHeader [null] 
2020:09:23 12:06:47.990 DEBUG --- [http-nio-80-exec-1] s.m.base.biz.login.LoginController : =====> LoginController.view isAjaxCall [false] 
2020:09:23 12:06:47.990 DEBUG --- [http-nio-80-exec-9] s.m.base.biz.login.LoginController : =====> LoginController.view ajaxHeader [null] 
2020:09:23 12:06:47.991 DEBUG --- [http-nio-80-exec-9] s.m.base.biz.login.LoginController : =====> LoginController.view isAjaxCall [false] 
2020:09:23 12:06:47.991 DEBUG --- [http-nio-80-exec-8] s.m.base.biz.login.LoginController : =====> LoginController.view isAjaxCall [false] 
2020:09:23 12:06:48.741 DEBUG --- [http-nio-80-exec-5] s.m.base.biz.login.LoginController : LoginController.view param [{}] 
2020:09:23 12:06:48.741 DEBUG --- [http-nio-80-exec-5] s.m.base.biz.login.LoginController : =====> LoginController.view ajaxHeader [null] 
2020:09:23 12:06:48.741 DEBUG --- [http-nio-80-exec-5] s.m.base.biz.login.LoginController : =====> LoginController.view isAjaxCall [false] 
2020:09:23 12:06:48.741 DEBUG --- [http-nio-80-exec-4] s.m.base.biz.login.LoginController : LoginController.view param [{}] 
2020:09:23 12:06:48.741 DEBUG --- [http-nio-80-exec-4] s.m.base.biz.login.LoginController : =====> LoginController.view ajaxHeader [null] 
2020:09:23 12:06:48.741 DEBUG --- [http-nio-80-exec-4] s.m.base.biz.login.LoginController : =====> LoginController.view isAjaxCall [false] 
2020:09:23 12:06:48.742 DEBUG --- [http-nio-80-exec-3] s.m.base.biz.login.LoginController : LoginController.view param [{160622=}] 
2020:09:23 12:06:48.742 DEBUG --- [http-nio-80-exec-3] s.m.base.biz.login.LoginController : =====> LoginController.view ajaxHeader [null] 
2020:09:23 12:06:48.742 DEBUG --- [http-nio-80-exec-3] s.m.base.biz.login.LoginController : =====> LoginController.view isAjaxCall [false] 
2020:09:23 12:07:03.953 DEBUG --- [http-nio-80-exec-5] s.m.base.biz.login.LoginController : LoginController.view param [{}] 
2020:09:23 12:07:03.954 DEBUG --- [http-nio-80-exec-5] s.m.base.biz.login.LoginController : =====> LoginController.view ajaxHeader [null] 
2020:09:23 12:07:03.954 DEBUG --- [http-nio-80-exec-5] s.m.base.biz.login.LoginController : =====> LoginController.view isAjaxCall [false] 
2020:09:23 12:07:38.892 DEBUG --- [http-nio-80-exec-1] s.m.base.biz.login.LoginController : LoginController.view param [{}] 
2020:09:23 12:07:38.892 DEBUG --- [http-nio-80-exec-4] s.m.base.biz.login.LoginController : LoginController.view param [{20121228=}] 
2020:09:23 12:07:38.892 DEBUG --- [http-nio-80-exec-3] s.m.base.biz.login.LoginController : LoginController.view param [{140317=}] 
2020:09:23 12:07:38.892 DEBUG --- [http-nio-80-exec-1] s.m.base.biz.login.LoginController : =====> LoginController.view ajaxHeader [null] 
2020:09:23 12:07:38.893 DEBUG --- [http-nio-80-exec-4] s.m.base.biz.login.LoginController : =====> LoginController.view ajaxHeader [null] 
2020:09:23 12:07:38.893 DEBUG --- [http-nio-80-exec-1] s.m.base.biz.login.LoginController : =====> LoginController.view isAjaxCall [false] 
2020:09:23 12:07:38.893 DEBUG --- [http-nio-80-exec-4] s.m.base.biz.login.LoginController : =====> LoginController.view isAjaxCall [false] 
2020:09:23 12:07:38.893 DEBUG --- [http-nio-80-exec-3] s.m.base.biz.login.LoginController : =====> LoginController.view ajaxHeader [null] 
2020:09:23 12:07:38.893 DEBUG --- [http-nio-80-exec-3] s.m.base.biz.login.LoginController : =====> LoginController.view isAjaxCall [false] 
2020:09:23 12:07:38.893 DEBUG --- [http-nio-80-exec-7] s.m.base.biz.login.LoginController : LoginController.view param [{}] 
2020:09:23 12:07:38.893 DEBUG --- [http-nio-80-exec-7] s.m.base.biz.login.LoginController : =====> LoginController.view ajaxHeader [null] 
2020:09:23 12:07:38.893 DEBUG --- [http-nio-80-exec-7] s.m.base.biz.login.LoginController : =====> LoginController.view isAjaxCall [false] 
2020:09:23 12:07:38.894 DEBUG --- [http-nio-80-exec-2] s.m.base.biz.login.LoginController : LoginController.view param [{20121228=}] 
2020:09:23 12:07:38.894 DEBUG --- [http-nio-80-exec-2] s.m.base.biz.login.LoginController : =====> LoginController.view ajaxHeader [null] 
2020:09:23 12:07:38.894 DEBUG --- [http-nio-80-exec-2] s.m.base.biz.login.LoginController : =====> LoginController.view isAjaxCall [false] 
2020:09:23 12:07:38.900 DEBUG --- [http-nio-80-exec-5] s.m.base.biz.login.LoginController : LoginController.view param [{141007=}] 
2020:09:23 12:07:38.901 DEBUG --- [http-nio-80-exec-5] s.m.base.biz.login.LoginController : =====> LoginController.view ajaxHeader [null] 
2020:09:23 12:07:38.901 DEBUG --- [http-nio-80-exec-5] s.m.base.biz.login.LoginController : =====> LoginController.view isAjaxCall [false] 
2020:09:23 12:07:38.916 DEBUG --- [http-nio-80-exec-10] s.m.base.biz.login.LoginController : LoginController.view param [{160622=}] 
2020:09:23 12:07:38.916 DEBUG --- [http-nio-80-exec-8] s.m.base.biz.login.LoginController : LoginController.view param [{}] 
2020:09:23 12:07:38.916 DEBUG --- [http-nio-80-exec-10] s.m.base.biz.login.LoginController : =====> LoginController.view ajaxHeader [null] 
2020:09:23 12:07:38.916 DEBUG --- [http-nio-80-exec-8] s.m.base.biz.login.LoginController : =====> LoginController.view ajaxHeader [null] 
2020:09:23 12:07:38.916 DEBUG --- [http-nio-80-exec-10] s.m.base.biz.login.LoginController : =====> LoginController.view isAjaxCall [false] 
2020:09:23 12:07:38.916 DEBUG --- [http-nio-80-exec-8] s.m.base.biz.login.LoginController : =====> LoginController.view isAjaxCall [false] 
2020:09:23 12:07:38.927 DEBUG --- [http-nio-80-exec-9] s.m.base.biz.login.LoginController : LoginController.view param [{}] 
2020:09:23 12:07:38.927 DEBUG --- [http-nio-80-exec-9] s.m.base.biz.login.LoginController : =====> LoginController.view ajaxHeader [null] 
2020:09:23 12:07:38.927 DEBUG --- [http-nio-80-exec-9] s.m.base.biz.login.LoginController : =====> LoginController.view isAjaxCall [false] 
2020:09:23 12:09:28.734 DEBUG --- [http-nio-80-exec-2] s.m.base.biz.login.LoginController : LoginController.view param [{}] 
2020:09:23 12:09:28.735 DEBUG --- [http-nio-80-exec-2] s.m.base.biz.login.LoginController : =====> LoginController.view ajaxHeader [null] 
2020:09:23 12:09:28.735 DEBUG --- [http-nio-80-exec-2] s.m.base.biz.login.LoginController : =====> LoginController.view isAjaxCall [false] 
2020:09:23 18:05:29.897 INFO  --- [RMI TCP Connection(367)-127.0.0.1] o.s.b.a.SpringApplicationAdminMXBeanRegistrar$SpringApplicationAdmin : Application shutdown requested. 
2020:09:23 18:05:29.909 INFO  --- [RMI TCP Connection(367)-127.0.0.1] o.s.s.c.ThreadPoolTaskExecutor : Shutting down ExecutorService 'applicationTaskExecutor' 
2020:09:23 18:05:29.909 INFO  --- [RMI TCP Connection(367)-127.0.0.1] o.s.o.j.LocalContainerEntityManagerFactoryBean : Closing JPA EntityManagerFactory for persistence unit 'default' 
2020:09:23 18:05:29.909 INFO  --- [RMI TCP Connection(367)-127.0.0.1] com.zaxxer.hikari.HikariDataSource : hikari-cp - Shutdown initiated... 
2020:09:23 18:05:29.909 INFO  --- [RMI TCP Connection(367)-127.0.0.1] com.zaxxer.hikari.HikariDataSource : hikari-cp - Shutdown completed. 
