2020:10:19 10:37:23.681 INFO  --- [restartedMain] sb.mvc.base.BaseApplication : Starting BaseApplication on DESKTOP-MPD8FG6 with PID 7016 (C:\ws\workspace\basekor\target\classes started by bjylj in C:\ws\workspace\basekor) 
2020:10:19 10:37:23.691 DEBUG --- [restartedMain] sb.mvc.base.BaseApplication : Running with Spring Boot v2.1.5.RELEASE, Spring v5.1.7.RELEASE 
2020:10:19 10:37:23.691 INFO  --- [restartedMain] sb.mvc.base.BaseApplication : The following profiles are active: loc,mysql 
2020:10:19 10:37:23.731 INFO  --- [restartedMain] o.s.b.d.e.DevToolsPropertyDefaultsPostProcessor : Devtools property defaults active! Set 'spring.devtools.add-properties' to 'false' to disable 
2020:10:19 10:37:23.733 INFO  --- [restartedMain] o.s.b.d.e.DevToolsPropertyDefaultsPostProcessor : For additional web related logging consider setting the 'logging.level.web' property to 'DEBUG' 
2020:10:19 10:37:24.377 DEBUG --- [restartedMain] o.m.s.b.a.MybatisAutoConfiguration : Searching for mappers annotated with @Mapper 
2020:10:19 10:37:24.378 DEBUG --- [restartedMain] o.m.s.b.a.MybatisAutoConfiguration : Using auto-configuration base package 'sb.mvc.base' 
2020:10:19 10:37:24.384 DEBUG --- [restartedMain] o.apache.ibatis.logging.LogFactory : Logging initialized using 'class org.apache.ibatis.logging.slf4j.Slf4jImpl' adapter. 
2020:10:19 10:37:24.405 WARN  --- [restartedMain] o.m.s.mapper.ClassPathMapperScanner : No MyBatis mapper was found in '[sb.mvc.base]' package. Please check your configuration. 
2020:10:19 10:37:24.496 INFO  --- [restartedMain] o.s.d.r.c.RepositoryConfigurationDelegate : Bootstrapping Spring Data repositories in DEFAULT mode. 
2020:10:19 10:37:24.536 INFO  --- [restartedMain] o.s.d.r.c.RepositoryConfigurationDelegate : Finished Spring Data repository scanning in 30ms. Found 0 repository interfaces. 
2020:10:19 10:37:24.871 INFO  --- [restartedMain] o.s.c.s.PostProcessorRegistrationDelegate$BeanPostProcessorChecker : Bean 'org.springframework.transaction.annotation.ProxyTransactionManagementConfiguration' of type [org.springframework.transaction.annotation.ProxyTransactionManagementConfiguration$$EnhancerBySpringCGLIB$$887f5e52] is not eligible for getting processed by all BeanPostProcessors (for example: not eligible for auto-proxying) 
2020:10:19 10:37:25.148 INFO  --- [restartedMain] o.s.b.w.e.tomcat.TomcatWebServer : Tomcat initialized with port(s): 80 (http) 
2020:10:19 10:37:25.164 INFO  --- [restartedMain] o.a.coyote.http11.Http11NioProtocol : Initializing ProtocolHandler ["http-nio-80"] 
2020:10:19 10:37:25.172 INFO  --- [restartedMain] o.a.catalina.core.StandardService : Starting service [Tomcat] 
2020:10:19 10:37:25.172 INFO  --- [restartedMain] o.a.catalina.core.StandardEngine : Starting Servlet engine: [Apache Tomcat/9.0.19] 
2020:10:19 10:37:25.446 INFO  --- [restartedMain] o.apache.jasper.servlet.TldScanner : At least one JAR was scanned for TLDs yet contained no TLDs. Enable debug logging for this logger for a complete list of JARs that were scanned but no TLDs were found in them. Skipping unneeded JARs during scanning can improve startup time and JSP compilation time. 
2020:10:19 10:37:25.454 INFO  --- [restartedMain] o.a.c.c.C.[Tomcat].[localhost].[/] : Initializing Spring embedded WebApplicationContext 
2020:10:19 10:37:25.454 INFO  --- [restartedMain] o.s.web.context.ContextLoader : Root WebApplicationContext: initialization completed in 1721 ms 
2020:10:19 10:37:25.614 INFO  --- [restartedMain] com.zaxxer.hikari.HikariDataSource : hikari-cp - Starting... 
2020:10:19 10:37:26.125 INFO  --- [restartedMain] com.zaxxer.hikari.HikariDataSource : hikari-cp - Start completed. 
2020:10:19 10:37:26.125 INFO  --- [restartedMain] s.m.base.config.LocSqlSessionConfig : datasource : HikariDataSource (hikari-cp) 
2020:10:19 10:37:26.247 INFO  --- [restartedMain] o.h.jpa.internal.util.LogHelper : HHH000204: Processing PersistenceUnitInfo [
	name: default
	...] 
2020:10:19 10:37:26.313 INFO  --- [restartedMain] org.hibernate.Version : HHH000412: Hibernate Core {5.3.10.Final} 
2020:10:19 10:37:26.315 INFO  --- [restartedMain] org.hibernate.cfg.Environment : HHH000206: hibernate.properties not found 
2020:10:19 10:37:26.473 INFO  --- [restartedMain] o.h.annotations.common.Version : HCANN000001: Hibernate Commons Annotations {5.0.4.Final} 
2020:10:19 10:37:26.648 INFO  --- [restartedMain] org.hibernate.dialect.Dialect : HHH000400: Using dialect: org.hibernate.dialect.MySQL5Dialect 
2020:10:19 10:37:26.824 INFO  --- [restartedMain] o.s.o.j.LocalContainerEntityManagerFactoryBean : Initialized JPA EntityManagerFactory for persistence unit 'default' 
2020:10:19 10:37:26.924 DEBUG --- [restartedMain] o.m.spring.SqlSessionFactoryBean : Parsed configuration file: 'class path resource [mybatis-mysql-config.xml]' 
2020:10:19 10:37:26.961 DEBUG --- [restartedMain] o.m.spring.SqlSessionFactoryBean : Parsed mapper file: 'file [C:\ws\workspace\basekor\target\classes\mapper\mysql\login\Login.xml]' 
2020:10:19 10:37:26.965 DEBUG --- [restartedMain] o.m.spring.SqlSessionFactoryBean : Parsed mapper file: 'file [C:\ws\workspace\basekor\target\classes\mapper\mysql\main\Main.xml]' 
2020:10:19 10:37:26.977 DEBUG --- [restartedMain] o.m.spring.SqlSessionFactoryBean : Parsed mapper file: 'file [C:\ws\workspace\basekor\target\classes\mapper\mysql\system\Athr.xml]' 
2020:10:19 10:37:26.983 DEBUG --- [restartedMain] o.m.spring.SqlSessionFactoryBean : Parsed mapper file: 'file [C:\ws\workspace\basekor\target\classes\mapper\mysql\system\Cd.xml]' 
2020:10:19 10:37:26.992 DEBUG --- [restartedMain] o.m.spring.SqlSessionFactoryBean : Parsed mapper file: 'file [C:\ws\workspace\basekor\target\classes\mapper\mysql\system\GrpCd.xml]' 
2020:10:19 10:37:26.997 DEBUG --- [restartedMain] o.m.spring.SqlSessionFactoryBean : Parsed mapper file: 'file [C:\ws\workspace\basekor\target\classes\mapper\mysql\system\Menu.xml]' 
2020:10:19 10:37:27.013 DEBUG --- [restartedMain] o.m.spring.SqlSessionFactoryBean : Parsed mapper file: 'file [C:\ws\workspace\basekor\target\classes\mapper\mysql\system\Mngr.xml]' 
2020:10:19 10:37:27.019 INFO  --- [restartedMain] o.s.aop.framework.CglibAopProxy : Unable to proxy interface-implementing method [public final void org.springframework.dao.support.DaoSupport.afterPropertiesSet() throws java.lang.IllegalArgumentException,org.springframework.beans.factory.BeanInitializationException] because it is marked as final: Consider using interface-based JDK proxies instead! 
2020:10:19 10:37:27.043 INFO  --- [restartedMain] o.s.aop.framework.CglibAopProxy : Unable to proxy interface-implementing method [public final void org.springframework.dao.support.DaoSupport.afterPropertiesSet() throws java.lang.IllegalArgumentException,org.springframework.beans.factory.BeanInitializationException] because it is marked as final: Consider using interface-based JDK proxies instead! 
2020:10:19 10:37:27.056 INFO  --- [restartedMain] o.s.aop.framework.CglibAopProxy : Unable to proxy interface-implementing method [public final void org.springframework.dao.support.DaoSupport.afterPropertiesSet() throws java.lang.IllegalArgumentException,org.springframework.beans.factory.BeanInitializationException] because it is marked as final: Consider using interface-based JDK proxies instead! 
2020:10:19 10:37:27.077 INFO  --- [restartedMain] o.s.aop.framework.CglibAopProxy : Unable to proxy interface-implementing method [public final void org.springframework.dao.support.DaoSupport.afterPropertiesSet() throws java.lang.IllegalArgumentException,org.springframework.beans.factory.BeanInitializationException] because it is marked as final: Consider using interface-based JDK proxies instead! 
2020:10:19 10:37:27.087 INFO  --- [restartedMain] o.s.aop.framework.CglibAopProxy : Unable to proxy interface-implementing method [public final void org.springframework.dao.support.DaoSupport.afterPropertiesSet() throws java.lang.IllegalArgumentException,org.springframework.beans.factory.BeanInitializationException] because it is marked as final: Consider using interface-based JDK proxies instead! 
2020:10:19 10:37:27.096 INFO  --- [restartedMain] o.s.aop.framework.CglibAopProxy : Unable to proxy interface-implementing method [public final void org.springframework.dao.support.DaoSupport.afterPropertiesSet() throws java.lang.IllegalArgumentException,org.springframework.beans.factory.BeanInitializationException] because it is marked as final: Consider using interface-based JDK proxies instead! 
2020:10:19 10:37:27.104 INFO  --- [restartedMain] o.s.aop.framework.CglibAopProxy : Unable to proxy interface-implementing method [public final void org.springframework.dao.support.DaoSupport.afterPropertiesSet() throws java.lang.IllegalArgumentException,org.springframework.beans.factory.BeanInitializationException] because it is marked as final: Consider using interface-based JDK proxies instead! 
2020:10:19 10:37:27.180 DEBUG --- [restartedMain] sb.mvc.base.core.util.MessageUtil : ###################################    Messges locale [ko_KR] 
2020:10:19 10:37:27.300 INFO  --- [restartedMain] o.s.s.w.DefaultSecurityFilterChain : Creating filter chain: Ant [pattern='/favicon.ico'], [] 
2020:10:19 10:37:27.300 INFO  --- [restartedMain] o.s.s.w.DefaultSecurityFilterChain : Creating filter chain: Ant [pattern='/resources/**'], [] 
2020:10:19 10:37:27.300 INFO  --- [restartedMain] o.s.s.w.DefaultSecurityFilterChain : Creating filter chain: Ant [pattern='/webjars/**'], [] 
2020:10:19 10:37:27.300 INFO  --- [restartedMain] o.s.s.w.DefaultSecurityFilterChain : Creating filter chain: Ant [pattern='/html/**'], [] 
2020:10:19 10:37:27.300 INFO  --- [restartedMain] o.s.s.w.DefaultSecurityFilterChain : Creating filter chain: Ant [pattern='/css/**'], [] 
2020:10:19 10:37:27.300 INFO  --- [restartedMain] o.s.s.w.DefaultSecurityFilterChain : Creating filter chain: Ant [pattern='/agent/**'], [] 
2020:10:19 10:37:27.300 INFO  --- [restartedMain] o.s.s.w.DefaultSecurityFilterChain : Creating filter chain: Ant [pattern='/js/**'], [] 
2020:10:19 10:37:27.300 INFO  --- [restartedMain] o.s.s.w.DefaultSecurityFilterChain : Creating filter chain: Ant [pattern='/image/**'], [] 
2020:10:19 10:37:27.300 INFO  --- [restartedMain] o.s.s.w.DefaultSecurityFilterChain : Creating filter chain: Ant [pattern='/error/**'], [] 
2020:10:19 10:37:27.300 INFO  --- [restartedMain] o.s.s.w.DefaultSecurityFilterChain : Creating filter chain: Ant [pattern='/system/cd/comboList/**'], [] 
2020:10:19 10:37:27.331 INFO  --- [restartedMain] o.s.s.w.DefaultSecurityFilterChain : Creating filter chain: any request, [org.springframework.security.web.context.request.async.WebAsyncManagerIntegrationFilter@28b80a31, org.springframework.security.web.context.SecurityContextPersistenceFilter@5e814017, org.springframework.security.web.header.HeaderWriterFilter@4b4281a4, org.springframework.security.web.authentication.logout.LogoutFilter@4fa753c3, org.springframework.security.web.authentication.UsernamePasswordAuthenticationFilter@2adfb892, org.springframework.security.web.savedrequest.RequestCacheAwareFilter@dda5820, org.springframework.security.web.servletapi.SecurityContextHolderAwareRequestFilter@66acf1ac, org.springframework.security.web.authentication.AnonymousAuthenticationFilter@14621de8, org.springframework.security.web.session.SessionManagementFilter@73101341, org.springframework.security.web.access.ExceptionTranslationFilter@1ee416fe, org.springframework.security.web.access.intercept.FilterSecurityInterceptor@67dcc88e] 
2020:10:19 10:37:27.481 INFO  --- [restartedMain] o.s.s.c.ThreadPoolTaskExecutor : Initializing ExecutorService 'applicationTaskExecutor' 
2020:10:19 10:37:27.519 WARN  --- [restartedMain] o.s.b.a.o.j.JpaBaseConfiguration$JpaWebConfiguration$JpaWebMvcConfiguration : spring.jpa.open-in-view is enabled by default. Therefore, database queries may be performed during view rendering. Explicitly configure spring.jpa.open-in-view to disable this warning 
2020:10:19 10:37:27.598 INFO  --- [restartedMain] o.s.b.a.w.s.WelcomePageHandlerMapping : Adding welcome page template: index 
2020:10:19 10:37:27.601 DEBUG --- [restartedMain] o.m.s.b.a.MybatisAutoConfiguration : No org.mybatis.spring.mapper.MapperFactoryBean found. 
2020:10:19 10:37:27.769 INFO  --- [restartedMain] o.s.b.d.a.OptionalLiveReloadServer : LiveReload server is running on port 35729 
2020:10:19 10:37:27.805 INFO  --- [restartedMain] o.a.coyote.http11.Http11NioProtocol : Starting ProtocolHandler ["http-nio-80"] 
2020:10:19 10:37:27.820 INFO  --- [restartedMain] o.s.b.w.e.tomcat.TomcatWebServer : Tomcat started on port(s): 80 (http) with context path '' 
2020:10:19 10:37:27.836 INFO  --- [restartedMain] sb.mvc.base.BaseApplication : Started BaseApplication in 4.512 seconds (JVM running for 5.369) 
2020:10:19 10:37:27.836 INFO  --- [restartedMain] sb.mvc.base.ApplicationProperties : ### profileName : LOCAL 
2020:10:19 10:37:27.836 INFO  --- [restartedMain] sb.mvc.base.ApplicationProperties : ### profileDBType : MYSQL 
2020:10:19 10:37:47.431 INFO  --- [http-nio-80-exec-1] o.a.c.c.C.[Tomcat].[localhost].[/] : Initializing Spring DispatcherServlet 'dispatcherServlet' 
2020:10:19 10:37:47.432 INFO  --- [http-nio-80-exec-1] o.s.web.servlet.DispatcherServlet : Initializing Servlet 'dispatcherServlet' 
2020:10:19 10:37:47.440 INFO  --- [http-nio-80-exec-1] o.s.web.servlet.DispatcherServlet : Completed initialization in 8 ms 
2020:10:19 14:05:25.477 WARN  --- [hikari-cp housekeeper] com.zaxxer.hikari.pool.HikariPool : hikari-cp - Thread starvation or clock leap detected (housekeeper delta=1h12m27s45ms886µs100ns). 
2020:10:19 15:18:44.360 WARN  --- [hikari-cp housekeeper] com.zaxxer.hikari.pool.HikariPool : hikari-cp - Thread starvation or clock leap detected (housekeeper delta=12m47s893ms911µs). 
2020:10:19 17:23:01.214 WARN  --- [hikari-cp housekeeper] com.zaxxer.hikari.pool.HikariPool : hikari-cp - Thread starvation or clock leap detected (housekeeper delta=1m44s901ms765µs100ns). 
